\BOOKMARK [0][-]{chapter.1}{快速上手}{}% 1
\BOOKMARK [1][-]{section.1.1}{KISSY 愿景}{chapter.1}% 2
\BOOKMARK [1][-]{section.1.2}{内容大纲}{chapter.1}% 3
\BOOKMARK [0][-]{chapter.2}{API文档}{}% 4
\BOOKMARK [1][-]{section.2.1}{Seed}{chapter.2}% 5
\BOOKMARK [1][-]{section.2.2}{Core}{chapter.2}% 6
\BOOKMARK [1][-]{section.2.3}{Component}{chapter.2}% 7
\BOOKMARK [0][-]{chapter.3}{范例}{}% 8
\BOOKMARK [1][-]{section.3.1}{Seed}{chapter.3}% 9
\BOOKMARK [1][-]{section.3.2}{Core}{chapter.3}% 10
\BOOKMARK [1][-]{section.3.3}{Component}{chapter.3}% 11
\BOOKMARK [0][-]{chapter.4}{子项目集}{}% 12
\BOOKMARK [1][-]{section.4.1}{Editor}{chapter.4}% 13
\BOOKMARK [0][-]{chapter.5}{最佳编码实践}{}% 14
\BOOKMARK [1][-]{section.5.1}{通用约定}{chapter.5}% 15
\BOOKMARK [1][-]{section.5.2}{CSS 编码规范}{chapter.5}% 16
\BOOKMARK [1][-]{section.5.3}{HTML 编码规范}{chapter.5}% 17
\BOOKMARK [1][-]{section.5.4}{JavaScript 语言规范}{chapter.5}% 18
\BOOKMARK [1][-]{section.5.5}{JavaScript 编码风格}{chapter.5}% 19
\BOOKMARK [0][-]{chapter.6}{前端常用工具}{}% 20
\BOOKMARK [1][-]{section.6.1}{KISSY\040Module\040Compiler}{chapter.6}% 21
\BOOKMARK [1][-]{section.6.2}{Sphinx 使用介绍}{chapter.6}% 22
\BOOKMARK [0][-]{chapter.7}{组件开发指南}{}% 23
\BOOKMARK [1][-]{section.7.1}{KISSY 组件开发流程}{chapter.7}% 24
\BOOKMARK [1][-]{section.7.2}{KISSY 组件开发流程（完整版）}{chapter.7}% 25
\BOOKMARK [1][-]{section.7.3}{KISSY 组件开发规范}{chapter.7}% 26
\BOOKMARK [0][-]{section*.813}{Python\040Module\040Index}{}% 27
